d:\computer science\summer training\project\wnh\fekra\fekra\debug\fekra.pch
d:\computer science\summer training\project\wnh\fekra\fekra\debug\stdafx.obj
d:\computer science\summer training\project\wnh\fekra\fekra\debug\vc100.pdb
d:\computer science\summer training\project\wnh\fekra\fekra\debug\update data.obj
d:\computer science\summer training\project\wnh\fekra\fekra\debug\search.obj
d:\computer science\summer training\project\wnh\fekra\fekra\debug\assemblyinfo.obj
d:\computer science\summer training\project\wnh\fekra\fekra\debug\.netframework,version=v4.0.assemblyattributes.obj
d:\computer science\summer training\project\wnh\fekra\fekra\debug\fekra.obj
d:\computer science\summer training\project\wnh\fekra\fekra\debug\bill.obj
c:\users\wael mohamed\desktop\fekra\fekra\debug\fekra.pch
c:\users\wael mohamed\desktop\fekra\fekra\debug\stdafx.obj
c:\users\wael mohamed\desktop\fekra\fekra\debug\vc100.pdb
c:\users\wael mohamed\desktop\fekra\fekra\debug\update data.obj
c:\users\wael mohamed\desktop\fekra\fekra\debug\search.obj
c:\users\wael mohamed\desktop\fekra\fekra\debug\fekra.obj
c:\users\wael mohamed\desktop\fekra\fekra\debug\bill.obj
c:\users\wael mohamed\desktop\fekra\fekra\debug\assemblyinfo.obj
d:\computer science\the first year\fekra\fekra project\fekra\fekra\debug\fekra.pch
d:\computer science\the first year\fekra\fekra project\fekra\fekra\debug\stdafx.obj
d:\computer science\the first year\fekra\fekra project\fekra\fekra\debug\vc100.pdb
d:\computer science\the first year\fekra\fekra project\fekra\fekra\debug\update data.obj
d:\computer science\the first year\fekra\fekra project\fekra\fekra\debug\search.obj
d:\computer science\the first year\fekra\fekra project\fekra\fekra\debug\fekra.obj
d:\computer science\the first year\fekra\fekra project\fekra\fekra\debug\bill.obj
d:\computer science\the first year\fekra\fekra project\fekra\fekra\debug\assemblyinfo.obj
d:\computer science\summer training\project\wnh\fekra\debug\fekra.ilk
d:\computer science\summer training\project\wnh\fekra\debug\fekra.exe
d:\computer science\summer training\project\wnh\fekra\fekra\debug\fekra.exe.intermediate.manifest
d:\computer science\summer training\project\wnh\fekra\debug\fekra.pdb
c:\users\wael mohamed\desktop\fekra\debug\fekra.ilk
c:\users\wael mohamed\desktop\fekra\debug\fekra.exe
c:\users\wael mohamed\desktop\fekra\fekra\debug\fekra.exe.intermediate.manifest
c:\users\wael mohamed\desktop\fekra\debug\fekra.pdb
d:\computer science\the first year\fekra\fekra project\fekra\debug\fekra.ilk
d:\computer science\the first year\fekra\fekra project\fekra\debug\fekra.exe
d:\computer science\the first year\fekra\fekra project\fekra\fekra\debug\fekra.exe.intermediate.manifest
d:\computer science\the first year\fekra\fekra project\fekra\debug\fekra.pdb
d:\computer science\summer training\project\wnh\fekra\fekra\debug\app.res
c:\users\wael mohamed\desktop\fekra\fekra\debug\app.res
d:\computer science\the first year\fekra\fekra project\fekra\fekra\debug\app.res
d:\computer science\the first year\fekra\fekra project\fekra\fekra\debug\vc140.pdb
d:\computer science\the first year\fekra\fekra project\fekra\fekra\debug\.netframework,version=v4.5.2.assemblyattributes.obj
d:\computer science\the first year\fekra\fekra project\fekra\fekra\debug\.netframework,version=v4.5.2.assemblyattributes.asm
d:\computer science\two years\the first year\fekra2\fekra project\fekra\fekra\debug\fekra.pch
d:\computer science\two years\the first year\fekra2\fekra project\fekra\fekra\debug\vc140.pdb
d:\computer science\two years\the first year\fekra2\fekra project\fekra\fekra\debug\stdafx.obj
d:\computer science\two years\the first year\fekra2\fekra project\fekra\fekra\debug\update data.obj
d:\computer science\two years\the first year\fekra2\fekra project\fekra\fekra\debug\search.obj
d:\computer science\two years\the first year\fekra2\fekra project\fekra\fekra\debug\fekra.obj
d:\computer science\two years\the first year\fekra2\fekra project\fekra\fekra\debug\bill.obj
d:\computer science\two years\the first year\fekra2\fekra project\fekra\fekra\debug\assemblyinfo.obj
d:\computer science\two years\the first year\fekra2\fekra project\fekra\fekra\debug\.netframework,version=v4.5.2.assemblyattributes.obj
d:\computer science\two years\the first year\fekra2\fekra project\fekra\fekra\debug\.netframework,version=v4.5.2.assemblyattributes.asm
d:\computer science\the first year\fekra\fekra project\fekra\fekra\debug\fekra.bill.resources
d:\computer science\the first year\fekra\fekra project\fekra\fekra\debug\fekra.form1.resources
d:\computer science\the first year\fekra\fekra project\fekra\fekra\debug\fekra.search.resources
d:\computer science\the first year\fekra\fekra project\fekra\fekra\debug\fekra.update data.resources
d:\computer science\two years\the first year\fekra2\fekra project\fekra\fekra\debug\fekra.bill.resources
d:\computer science\two years\the first year\fekra2\fekra project\fekra\fekra\debug\fekra.form1.resources
d:\computer science\two years\the first year\fekra2\fekra project\fekra\fekra\debug\fekra.search.resources
d:\computer science\two years\the first year\fekra2\fekra project\fekra\fekra\debug\fekra.update data.resources
d:\computer science\two years\the first year\fekra2\fekra project\fekra\fekra\debug\app.res
d:\computer science\two years\the first year\fekra2\fekra project\fekra\fekra\debug\fekra.vcxproj.generateresource.cache
d:\computer science\two years\the first year\fekra2\fekra project\fekra\fekra\debug\fekra.vcxprojresolveassemblyreference.cache
d:\computer science\two years\the first year\fekra2\fekra project\fekra\fekra\debug\.netframework,version=v4.0.assemblyattributes.obj
d:\computer science\two years\the first year\fekra2\fekra project\fekra\fekra\debug\cl.command.1.tlog
d:\computer science\two years\the first year\fekra2\fekra project\fekra\fekra\debug\cl.read.1.tlog
d:\computer science\two years\the first year\fekra2\fekra project\fekra\fekra\debug\cl.write.1.tlog
d:\computer science\two years\the first year\fekra2\fekra project\fekra\fekra\debug\fekra.write.1.tlog
d:\computer science\two years\the first year\fekra2\fekra project\fekra\fekra\debug\link.10012-cvtres.read.1.tlog
d:\computer science\two years\the first year\fekra2\fekra project\fekra\fekra\debug\link.10012-cvtres.write.1.tlog
d:\computer science\two years\the first year\fekra2\fekra project\fekra\fekra\debug\link.10012.read.1.tlog
d:\computer science\two years\the first year\fekra2\fekra project\fekra\fekra\debug\link.10012.write.1.tlog
d:\computer science\two years\the first year\fekra2\fekra project\fekra\fekra\debug\link.10020-cvtres.read.1.tlog
d:\computer science\two years\the first year\fekra2\fekra project\fekra\fekra\debug\link.10020-cvtres.write.1.tlog
d:\computer science\two years\the first year\fekra2\fekra project\fekra\fekra\debug\link.10020.read.1.tlog
d:\computer science\two years\the first year\fekra2\fekra project\fekra\fekra\debug\link.10020.write.1.tlog
d:\computer science\two years\the first year\fekra2\fekra project\fekra\fekra\debug\link.10256-cvtres.read.1.tlog
d:\computer science\two years\the first year\fekra2\fekra project\fekra\fekra\debug\link.10256-cvtres.write.1.tlog
d:\computer science\two years\the first year\fekra2\fekra project\fekra\fekra\debug\link.10256.read.1.tlog
d:\computer science\two years\the first year\fekra2\fekra project\fekra\fekra\debug\link.10256.write.1.tlog
d:\computer science\two years\the first year\fekra2\fekra project\fekra\fekra\debug\link.10364-cvtres.read.1.tlog
d:\computer science\two years\the first year\fekra2\fekra project\fekra\fekra\debug\link.10364-cvtres.write.1.tlog
d:\computer science\two years\the first year\fekra2\fekra project\fekra\fekra\debug\link.10364.read.1.tlog
d:\computer science\two years\the first year\fekra2\fekra project\fekra\fekra\debug\link.10364.write.1.tlog
d:\computer science\two years\the first year\fekra2\fekra project\fekra\fekra\debug\link.10440-cvtres.read.1.tlog
d:\computer science\two years\the first year\fekra2\fekra project\fekra\fekra\debug\link.10440-cvtres.write.1.tlog
d:\computer science\two years\the first year\fekra2\fekra project\fekra\fekra\debug\link.10440.read.1.tlog
d:\computer science\two years\the first year\fekra2\fekra project\fekra\fekra\debug\link.10440.write.1.tlog
d:\computer science\two years\the first year\fekra2\fekra project\fekra\fekra\debug\link.10456-cvtres.read.1.tlog
d:\computer science\two years\the first year\fekra2\fekra project\fekra\fekra\debug\link.10456-cvtres.write.1.tlog
d:\computer science\two years\the first year\fekra2\fekra project\fekra\fekra\debug\link.10456.read.1.tlog
d:\computer science\two years\the first year\fekra2\fekra project\fekra\fekra\debug\link.10456.write.1.tlog
d:\computer science\two years\the first year\fekra2\fekra project\fekra\fekra\debug\link.10604-cvtres.read.1.tlog
d:\computer science\two years\the first year\fekra2\fekra project\fekra\fekra\debug\link.10604-cvtres.write.1.tlog
d:\computer science\two years\the first year\fekra2\fekra project\fekra\fekra\debug\link.10604.read.1.tlog
d:\computer science\two years\the first year\fekra2\fekra project\fekra\fekra\debug\link.10604.write.1.tlog
d:\computer science\two years\the first year\fekra2\fekra project\fekra\fekra\debug\link.10632-cvtres.read.1.tlog
d:\computer science\two years\the first year\fekra2\fekra project\fekra\fekra\debug\link.10632-cvtres.write.1.tlog
d:\computer science\two years\the first year\fekra2\fekra project\fekra\fekra\debug\link.10632.read.1.tlog
d:\computer science\two years\the first year\fekra2\fekra project\fekra\fekra\debug\link.10632.write.1.tlog
d:\computer science\two years\the first year\fekra2\fekra project\fekra\fekra\debug\link.10648-cvtres.read.1.tlog
d:\computer science\two years\the first year\fekra2\fekra project\fekra\fekra\debug\link.10648-cvtres.write.1.tlog
d:\computer science\two years\the first year\fekra2\fekra project\fekra\fekra\debug\link.10648.read.1.tlog
d:\computer science\two years\the first year\fekra2\fekra project\fekra\fekra\debug\link.10648.write.1.tlog
d:\computer science\two years\the first year\fekra2\fekra project\fekra\fekra\debug\link.10752-cvtres.read.1.tlog
d:\computer science\two years\the first year\fekra2\fekra project\fekra\fekra\debug\link.10752-cvtres.write.1.tlog
d:\computer science\two years\the first year\fekra2\fekra project\fekra\fekra\debug\link.10752.read.1.tlog
d:\computer science\two years\the first year\fekra2\fekra project\fekra\fekra\debug\link.10752.write.1.tlog
d:\computer science\two years\the first year\fekra2\fekra project\fekra\fekra\debug\link.10860-cvtres.read.1.tlog
d:\computer science\two years\the first year\fekra2\fekra project\fekra\fekra\debug\link.10860-cvtres.write.1.tlog
d:\computer science\two years\the first year\fekra2\fekra project\fekra\fekra\debug\link.10860.read.1.tlog
d:\computer science\two years\the first year\fekra2\fekra project\fekra\fekra\debug\link.10860.write.1.tlog
d:\computer science\two years\the first year\fekra2\fekra project\fekra\fekra\debug\link.10952-cvtres.read.1.tlog
d:\computer science\two years\the first year\fekra2\fekra project\fekra\fekra\debug\link.10952-cvtres.write.1.tlog
d:\computer science\two years\the first year\fekra2\fekra project\fekra\fekra\debug\link.10952.read.1.tlog
d:\computer science\two years\the first year\fekra2\fekra project\fekra\fekra\debug\link.10952.write.1.tlog
d:\computer science\two years\the first year\fekra2\fekra project\fekra\fekra\debug\link.11036-cvtres.read.1.tlog
d:\computer science\two years\the first year\fekra2\fekra project\fekra\fekra\debug\link.11036-cvtres.write.1.tlog
d:\computer science\two years\the first year\fekra2\fekra project\fekra\fekra\debug\link.11036.read.1.tlog
d:\computer science\two years\the first year\fekra2\fekra project\fekra\fekra\debug\link.11036.write.1.tlog
d:\computer science\two years\the first year\fekra2\fekra project\fekra\fekra\debug\link.11044-cvtres.read.1.tlog
d:\computer science\two years\the first year\fekra2\fekra project\fekra\fekra\debug\link.11044-cvtres.write.1.tlog
d:\computer science\two years\the first year\fekra2\fekra project\fekra\fekra\debug\link.11044.read.1.tlog
d:\computer science\two years\the first year\fekra2\fekra project\fekra\fekra\debug\link.11044.write.1.tlog
d:\computer science\two years\the first year\fekra2\fekra project\fekra\fekra\debug\link.11140-cvtres.read.1.tlog
d:\computer science\two years\the first year\fekra2\fekra project\fekra\fekra\debug\link.11140-cvtres.write.1.tlog
d:\computer science\two years\the first year\fekra2\fekra project\fekra\fekra\debug\link.11140.read.1.tlog
d:\computer science\two years\the first year\fekra2\fekra project\fekra\fekra\debug\link.11140.write.1.tlog
d:\computer science\two years\the first year\fekra2\fekra project\fekra\fekra\debug\link.11144-cvtres.read.1.tlog
d:\computer science\two years\the first year\fekra2\fekra project\fekra\fekra\debug\link.11144-cvtres.write.1.tlog
d:\computer science\two years\the first year\fekra2\fekra project\fekra\fekra\debug\link.11144.read.1.tlog
d:\computer science\two years\the first year\fekra2\fekra project\fekra\fekra\debug\link.11144.write.1.tlog
d:\computer science\two years\the first year\fekra2\fekra project\fekra\fekra\debug\link.11212-cvtres.read.1.tlog
d:\computer science\two years\the first year\fekra2\fekra project\fekra\fekra\debug\link.11212-cvtres.write.1.tlog
d:\computer science\two years\the first year\fekra2\fekra project\fekra\fekra\debug\link.11212.read.1.tlog
d:\computer science\two years\the first year\fekra2\fekra project\fekra\fekra\debug\link.11212.write.1.tlog
d:\computer science\two years\the first year\fekra2\fekra project\fekra\fekra\debug\link.11260-cvtres.read.1.tlog
d:\computer science\two years\the first year\fekra2\fekra project\fekra\fekra\debug\link.11260-cvtres.write.1.tlog
d:\computer science\two years\the first year\fekra2\fekra project\fekra\fekra\debug\link.11260.read.1.tlog
d:\computer science\two years\the first year\fekra2\fekra project\fekra\fekra\debug\link.11260.write.1.tlog
d:\computer science\two years\the first year\fekra2\fekra project\fekra\fekra\debug\link.1172-cvtres.read.1.tlog
d:\computer science\two years\the first year\fekra2\fekra project\fekra\fekra\debug\link.1172-cvtres.write.1.tlog
d:\computer science\two years\the first year\fekra2\fekra project\fekra\fekra\debug\link.1172.read.1.tlog
d:\computer science\two years\the first year\fekra2\fekra project\fekra\fekra\debug\link.1172.write.1.tlog
d:\computer science\two years\the first year\fekra2\fekra project\fekra\fekra\debug\link.1192-cvtres.read.1.tlog
d:\computer science\two years\the first year\fekra2\fekra project\fekra\fekra\debug\link.1192-cvtres.write.1.tlog
d:\computer science\two years\the first year\fekra2\fekra project\fekra\fekra\debug\link.1192.read.1.tlog
d:\computer science\two years\the first year\fekra2\fekra project\fekra\fekra\debug\link.1192.write.1.tlog
d:\computer science\two years\the first year\fekra2\fekra project\fekra\fekra\debug\link.1316-cvtres.read.1.tlog
d:\computer science\two years\the first year\fekra2\fekra project\fekra\fekra\debug\link.1316-cvtres.write.1.tlog
d:\computer science\two years\the first year\fekra2\fekra project\fekra\fekra\debug\link.1316.read.1.tlog
d:\computer science\two years\the first year\fekra2\fekra project\fekra\fekra\debug\link.1316.write.1.tlog
d:\computer science\two years\the first year\fekra2\fekra project\fekra\fekra\debug\link.1440-cvtres.read.1.tlog
d:\computer science\two years\the first year\fekra2\fekra project\fekra\fekra\debug\link.1440-cvtres.write.1.tlog
d:\computer science\two years\the first year\fekra2\fekra project\fekra\fekra\debug\link.1440.read.1.tlog
d:\computer science\two years\the first year\fekra2\fekra project\fekra\fekra\debug\link.1440.write.1.tlog
d:\computer science\two years\the first year\fekra2\fekra project\fekra\fekra\debug\link.1560-cvtres.read.1.tlog
d:\computer science\two years\the first year\fekra2\fekra project\fekra\fekra\debug\link.1560-cvtres.write.1.tlog
d:\computer science\two years\the first year\fekra2\fekra project\fekra\fekra\debug\link.1560.read.1.tlog
d:\computer science\two years\the first year\fekra2\fekra project\fekra\fekra\debug\link.1560.write.1.tlog
d:\computer science\two years\the first year\fekra2\fekra project\fekra\fekra\debug\link.1572-cvtres.read.1.tlog
d:\computer science\two years\the first year\fekra2\fekra project\fekra\fekra\debug\link.1572-cvtres.write.1.tlog
d:\computer science\two years\the first year\fekra2\fekra project\fekra\fekra\debug\link.1572.read.1.tlog
d:\computer science\two years\the first year\fekra2\fekra project\fekra\fekra\debug\link.1572.write.1.tlog
d:\computer science\two years\the first year\fekra2\fekra project\fekra\fekra\debug\link.1724-cvtres.read.1.tlog
d:\computer science\two years\the first year\fekra2\fekra project\fekra\fekra\debug\link.1724-cvtres.write.1.tlog
d:\computer science\two years\the first year\fekra2\fekra project\fekra\fekra\debug\link.1724.read.1.tlog
d:\computer science\two years\the first year\fekra2\fekra project\fekra\fekra\debug\link.1724.write.1.tlog
d:\computer science\two years\the first year\fekra2\fekra project\fekra\fekra\debug\link.1804-cvtres.read.1.tlog
d:\computer science\two years\the first year\fekra2\fekra project\fekra\fekra\debug\link.1804-cvtres.write.1.tlog
d:\computer science\two years\the first year\fekra2\fekra project\fekra\fekra\debug\link.1804.read.1.tlog
d:\computer science\two years\the first year\fekra2\fekra project\fekra\fekra\debug\link.1804.write.1.tlog
d:\computer science\two years\the first year\fekra2\fekra project\fekra\fekra\debug\link.1864-cvtres.read.1.tlog
d:\computer science\two years\the first year\fekra2\fekra project\fekra\fekra\debug\link.1864-cvtres.write.1.tlog
d:\computer science\two years\the first year\fekra2\fekra project\fekra\fekra\debug\link.1864.read.1.tlog
d:\computer science\two years\the first year\fekra2\fekra project\fekra\fekra\debug\link.1864.write.1.tlog
d:\computer science\two years\the first year\fekra2\fekra project\fekra\fekra\debug\link.1880-cvtres.read.1.tlog
d:\computer science\two years\the first year\fekra2\fekra project\fekra\fekra\debug\link.1880-cvtres.write.1.tlog
d:\computer science\two years\the first year\fekra2\fekra project\fekra\fekra\debug\link.1880.read.1.tlog
d:\computer science\two years\the first year\fekra2\fekra project\fekra\fekra\debug\link.1880.write.1.tlog
d:\computer science\two years\the first year\fekra2\fekra project\fekra\fekra\debug\link.1916-cvtres.read.1.tlog
d:\computer science\two years\the first year\fekra2\fekra project\fekra\fekra\debug\link.1916-cvtres.write.1.tlog
d:\computer science\two years\the first year\fekra2\fekra project\fekra\fekra\debug\link.1916.read.1.tlog
d:\computer science\two years\the first year\fekra2\fekra project\fekra\fekra\debug\link.1916.write.1.tlog
d:\computer science\two years\the first year\fekra2\fekra project\fekra\fekra\debug\link.1940-cvtres.read.1.tlog
d:\computer science\two years\the first year\fekra2\fekra project\fekra\fekra\debug\link.1940-cvtres.write.1.tlog
d:\computer science\two years\the first year\fekra2\fekra project\fekra\fekra\debug\link.1940.read.1.tlog
d:\computer science\two years\the first year\fekra2\fekra project\fekra\fekra\debug\link.1940.write.1.tlog
d:\computer science\two years\the first year\fekra2\fekra project\fekra\fekra\debug\link.1984-cvtres.read.1.tlog
d:\computer science\two years\the first year\fekra2\fekra project\fekra\fekra\debug\link.1984-cvtres.write.1.tlog
d:\computer science\two years\the first year\fekra2\fekra project\fekra\fekra\debug\link.1984.read.1.tlog
d:\computer science\two years\the first year\fekra2\fekra project\fekra\fekra\debug\link.1984.write.1.tlog
d:\computer science\two years\the first year\fekra2\fekra project\fekra\fekra\debug\link.2004-cvtres.read.1.tlog
d:\computer science\two years\the first year\fekra2\fekra project\fekra\fekra\debug\link.2004-cvtres.write.1.tlog
d:\computer science\two years\the first year\fekra2\fekra project\fekra\fekra\debug\link.2004.read.1.tlog
d:\computer science\two years\the first year\fekra2\fekra project\fekra\fekra\debug\link.2004.write.1.tlog
d:\computer science\two years\the first year\fekra2\fekra project\fekra\fekra\debug\link.208-cvtres.read.1.tlog
d:\computer science\two years\the first year\fekra2\fekra project\fekra\fekra\debug\link.208-cvtres.write.1.tlog
d:\computer science\two years\the first year\fekra2\fekra project\fekra\fekra\debug\link.208.read.1.tlog
d:\computer science\two years\the first year\fekra2\fekra project\fekra\fekra\debug\link.208.write.1.tlog
d:\computer science\two years\the first year\fekra2\fekra project\fekra\fekra\debug\link.2324-cvtres.read.1.tlog
d:\computer science\two years\the first year\fekra2\fekra project\fekra\fekra\debug\link.2324-cvtres.write.1.tlog
d:\computer science\two years\the first year\fekra2\fekra project\fekra\fekra\debug\link.2324.read.1.tlog
d:\computer science\two years\the first year\fekra2\fekra project\fekra\fekra\debug\link.2324.write.1.tlog
d:\computer science\two years\the first year\fekra2\fekra project\fekra\fekra\debug\link.2436-cvtres.read.1.tlog
d:\computer science\two years\the first year\fekra2\fekra project\fekra\fekra\debug\link.2436-cvtres.write.1.tlog
d:\computer science\two years\the first year\fekra2\fekra project\fekra\fekra\debug\link.2436.read.1.tlog
d:\computer science\two years\the first year\fekra2\fekra project\fekra\fekra\debug\link.2436.write.1.tlog
d:\computer science\two years\the first year\fekra2\fekra project\fekra\fekra\debug\link.2468-cvtres.read.1.tlog
d:\computer science\two years\the first year\fekra2\fekra project\fekra\fekra\debug\link.2468-cvtres.write.1.tlog
d:\computer science\two years\the first year\fekra2\fekra project\fekra\fekra\debug\link.2468.read.1.tlog
d:\computer science\two years\the first year\fekra2\fekra project\fekra\fekra\debug\link.2468.write.1.tlog
d:\computer science\two years\the first year\fekra2\fekra project\fekra\fekra\debug\link.2572-cvtres.read.1.tlog
d:\computer science\two years\the first year\fekra2\fekra project\fekra\fekra\debug\link.2572-cvtres.write.1.tlog
d:\computer science\two years\the first year\fekra2\fekra project\fekra\fekra\debug\link.2572.read.1.tlog
d:\computer science\two years\the first year\fekra2\fekra project\fekra\fekra\debug\link.2572.write.1.tlog
d:\computer science\two years\the first year\fekra2\fekra project\fekra\fekra\debug\link.2632-cvtres.read.1.tlog
d:\computer science\two years\the first year\fekra2\fekra project\fekra\fekra\debug\link.2632-cvtres.write.1.tlog
d:\computer science\two years\the first year\fekra2\fekra project\fekra\fekra\debug\link.2632.read.1.tlog
d:\computer science\two years\the first year\fekra2\fekra project\fekra\fekra\debug\link.2632.write.1.tlog
d:\computer science\two years\the first year\fekra2\fekra project\fekra\fekra\debug\link.2676-cvtres.read.1.tlog
d:\computer science\two years\the first year\fekra2\fekra project\fekra\fekra\debug\link.2676-cvtres.write.1.tlog
d:\computer science\two years\the first year\fekra2\fekra project\fekra\fekra\debug\link.2676.read.1.tlog
d:\computer science\two years\the first year\fekra2\fekra project\fekra\fekra\debug\link.2676.write.1.tlog
d:\computer science\two years\the first year\fekra2\fekra project\fekra\fekra\debug\link.2888-cvtres.read.1.tlog
d:\computer science\two years\the first year\fekra2\fekra project\fekra\fekra\debug\link.2888-cvtres.write.1.tlog
d:\computer science\two years\the first year\fekra2\fekra project\fekra\fekra\debug\link.2888.read.1.tlog
d:\computer science\two years\the first year\fekra2\fekra project\fekra\fekra\debug\link.2888.write.1.tlog
d:\computer science\two years\the first year\fekra2\fekra project\fekra\fekra\debug\link.2900-cvtres.read.1.tlog
d:\computer science\two years\the first year\fekra2\fekra project\fekra\fekra\debug\link.2900-cvtres.write.1.tlog
d:\computer science\two years\the first year\fekra2\fekra project\fekra\fekra\debug\link.2900.read.1.tlog
d:\computer science\two years\the first year\fekra2\fekra project\fekra\fekra\debug\link.2900.write.1.tlog
d:\computer science\two years\the first year\fekra2\fekra project\fekra\fekra\debug\link.3032-cvtres.read.1.tlog
d:\computer science\two years\the first year\fekra2\fekra project\fekra\fekra\debug\link.3032-cvtres.write.1.tlog
d:\computer science\two years\the first year\fekra2\fekra project\fekra\fekra\debug\link.3032.read.1.tlog
d:\computer science\two years\the first year\fekra2\fekra project\fekra\fekra\debug\link.3032.write.1.tlog
d:\computer science\two years\the first year\fekra2\fekra project\fekra\fekra\debug\link.3136-cvtres.read.1.tlog
d:\computer science\two years\the first year\fekra2\fekra project\fekra\fekra\debug\link.3136-cvtres.write.1.tlog
d:\computer science\two years\the first year\fekra2\fekra project\fekra\fekra\debug\link.3136.read.1.tlog
d:\computer science\two years\the first year\fekra2\fekra project\fekra\fekra\debug\link.3136.write.1.tlog
d:\computer science\two years\the first year\fekra2\fekra project\fekra\fekra\debug\link.328-cvtres.read.1.tlog
d:\computer science\two years\the first year\fekra2\fekra project\fekra\fekra\debug\link.328-cvtres.write.1.tlog
d:\computer science\two years\the first year\fekra2\fekra project\fekra\fekra\debug\link.328.read.1.tlog
d:\computer science\two years\the first year\fekra2\fekra project\fekra\fekra\debug\link.328.write.1.tlog
d:\computer science\two years\the first year\fekra2\fekra project\fekra\fekra\debug\link.3304-cvtres.read.1.tlog
d:\computer science\two years\the first year\fekra2\fekra project\fekra\fekra\debug\link.3304-cvtres.write.1.tlog
d:\computer science\two years\the first year\fekra2\fekra project\fekra\fekra\debug\link.3304.read.1.tlog
d:\computer science\two years\the first year\fekra2\fekra project\fekra\fekra\debug\link.3304.write.1.tlog
d:\computer science\two years\the first year\fekra2\fekra project\fekra\fekra\debug\link.3316-cvtres.read.1.tlog
d:\computer science\two years\the first year\fekra2\fekra project\fekra\fekra\debug\link.3316-cvtres.write.1.tlog
d:\computer science\two years\the first year\fekra2\fekra project\fekra\fekra\debug\link.3316.read.1.tlog
d:\computer science\two years\the first year\fekra2\fekra project\fekra\fekra\debug\link.3316.write.1.tlog
d:\computer science\two years\the first year\fekra2\fekra project\fekra\fekra\debug\link.3676-cvtres.read.1.tlog
d:\computer science\two years\the first year\fekra2\fekra project\fekra\fekra\debug\link.3676-cvtres.write.1.tlog
d:\computer science\two years\the first year\fekra2\fekra project\fekra\fekra\debug\link.3676.read.1.tlog
d:\computer science\two years\the first year\fekra2\fekra project\fekra\fekra\debug\link.3676.write.1.tlog
d:\computer science\two years\the first year\fekra2\fekra project\fekra\fekra\debug\link.368-cvtres.read.1.tlog
d:\computer science\two years\the first year\fekra2\fekra project\fekra\fekra\debug\link.368-cvtres.write.1.tlog
d:\computer science\two years\the first year\fekra2\fekra project\fekra\fekra\debug\link.368.read.1.tlog
d:\computer science\two years\the first year\fekra2\fekra project\fekra\fekra\debug\link.368.write.1.tlog
d:\computer science\two years\the first year\fekra2\fekra project\fekra\fekra\debug\link.3708-cvtres.read.1.tlog
d:\computer science\two years\the first year\fekra2\fekra project\fekra\fekra\debug\link.3708-cvtres.write.1.tlog
d:\computer science\two years\the first year\fekra2\fekra project\fekra\fekra\debug\link.3708.read.1.tlog
d:\computer science\two years\the first year\fekra2\fekra project\fekra\fekra\debug\link.3708.write.1.tlog
d:\computer science\two years\the first year\fekra2\fekra project\fekra\fekra\debug\link.3740-cvtres.read.1.tlog
d:\computer science\two years\the first year\fekra2\fekra project\fekra\fekra\debug\link.3740-cvtres.write.1.tlog
d:\computer science\two years\the first year\fekra2\fekra project\fekra\fekra\debug\link.3740.read.1.tlog
d:\computer science\two years\the first year\fekra2\fekra project\fekra\fekra\debug\link.3740.write.1.tlog
d:\computer science\two years\the first year\fekra2\fekra project\fekra\fekra\debug\link.4228-cvtres.read.1.tlog
d:\computer science\two years\the first year\fekra2\fekra project\fekra\fekra\debug\link.4228-cvtres.write.1.tlog
d:\computer science\two years\the first year\fekra2\fekra project\fekra\fekra\debug\link.4228.read.1.tlog
d:\computer science\two years\the first year\fekra2\fekra project\fekra\fekra\debug\link.4228.write.1.tlog
d:\computer science\two years\the first year\fekra2\fekra project\fekra\fekra\debug\link.4320-cvtres.read.1.tlog
d:\computer science\two years\the first year\fekra2\fekra project\fekra\fekra\debug\link.4320-cvtres.write.1.tlog
d:\computer science\two years\the first year\fekra2\fekra project\fekra\fekra\debug\link.4320.read.1.tlog
d:\computer science\two years\the first year\fekra2\fekra project\fekra\fekra\debug\link.4320.write.1.tlog
d:\computer science\two years\the first year\fekra2\fekra project\fekra\fekra\debug\link.4328-cvtres.read.1.tlog
d:\computer science\two years\the first year\fekra2\fekra project\fekra\fekra\debug\link.4328-cvtres.write.1.tlog
d:\computer science\two years\the first year\fekra2\fekra project\fekra\fekra\debug\link.4328.read.1.tlog
d:\computer science\two years\the first year\fekra2\fekra project\fekra\fekra\debug\link.4328.write.1.tlog
d:\computer science\two years\the first year\fekra2\fekra project\fekra\fekra\debug\link.4480-cvtres.read.1.tlog
d:\computer science\two years\the first year\fekra2\fekra project\fekra\fekra\debug\link.4480-cvtres.write.1.tlog
d:\computer science\two years\the first year\fekra2\fekra project\fekra\fekra\debug\link.4480.read.1.tlog
d:\computer science\two years\the first year\fekra2\fekra project\fekra\fekra\debug\link.4480.write.1.tlog
d:\computer science\two years\the first year\fekra2\fekra project\fekra\fekra\debug\link.4520-cvtres.read.1.tlog
d:\computer science\two years\the first year\fekra2\fekra project\fekra\fekra\debug\link.4520-cvtres.write.1.tlog
d:\computer science\two years\the first year\fekra2\fekra project\fekra\fekra\debug\link.4520.read.1.tlog
d:\computer science\two years\the first year\fekra2\fekra project\fekra\fekra\debug\link.4520.write.1.tlog
d:\computer science\two years\the first year\fekra2\fekra project\fekra\fekra\debug\link.4532-cvtres.read.1.tlog
d:\computer science\two years\the first year\fekra2\fekra project\fekra\fekra\debug\link.4532-cvtres.write.1.tlog
d:\computer science\two years\the first year\fekra2\fekra project\fekra\fekra\debug\link.4532.read.1.tlog
d:\computer science\two years\the first year\fekra2\fekra project\fekra\fekra\debug\link.4532.write.1.tlog
d:\computer science\two years\the first year\fekra2\fekra project\fekra\fekra\debug\link.4556-cvtres.read.1.tlog
d:\computer science\two years\the first year\fekra2\fekra project\fekra\fekra\debug\link.4556-cvtres.write.1.tlog
d:\computer science\two years\the first year\fekra2\fekra project\fekra\fekra\debug\link.4556.read.1.tlog
d:\computer science\two years\the first year\fekra2\fekra project\fekra\fekra\debug\link.4556.write.1.tlog
d:\computer science\two years\the first year\fekra2\fekra project\fekra\fekra\debug\link.4600-cvtres.read.1.tlog
d:\computer science\two years\the first year\fekra2\fekra project\fekra\fekra\debug\link.4600-cvtres.write.1.tlog
d:\computer science\two years\the first year\fekra2\fekra project\fekra\fekra\debug\link.4600.read.1.tlog
d:\computer science\two years\the first year\fekra2\fekra project\fekra\fekra\debug\link.4600.write.1.tlog
d:\computer science\two years\the first year\fekra2\fekra project\fekra\fekra\debug\link.4660-cvtres.read.1.tlog
d:\computer science\two years\the first year\fekra2\fekra project\fekra\fekra\debug\link.4660-cvtres.write.1.tlog
d:\computer science\two years\the first year\fekra2\fekra project\fekra\fekra\debug\link.4660.read.1.tlog
d:\computer science\two years\the first year\fekra2\fekra project\fekra\fekra\debug\link.4660.write.1.tlog
d:\computer science\two years\the first year\fekra2\fekra project\fekra\fekra\debug\link.472-cvtres.read.1.tlog
d:\computer science\two years\the first year\fekra2\fekra project\fekra\fekra\debug\link.472-cvtres.write.1.tlog
d:\computer science\two years\the first year\fekra2\fekra project\fekra\fekra\debug\link.472.read.1.tlog
d:\computer science\two years\the first year\fekra2\fekra project\fekra\fekra\debug\link.472.write.1.tlog
d:\computer science\two years\the first year\fekra2\fekra project\fekra\fekra\debug\link.4784-cvtres.read.1.tlog
d:\computer science\two years\the first year\fekra2\fekra project\fekra\fekra\debug\link.4784-cvtres.write.1.tlog
d:\computer science\two years\the first year\fekra2\fekra project\fekra\fekra\debug\link.4784.read.1.tlog
d:\computer science\two years\the first year\fekra2\fekra project\fekra\fekra\debug\link.4784.write.1.tlog
d:\computer science\two years\the first year\fekra2\fekra project\fekra\fekra\debug\link.4856-cvtres.read.1.tlog
d:\computer science\two years\the first year\fekra2\fekra project\fekra\fekra\debug\link.4856-cvtres.write.1.tlog
d:\computer science\two years\the first year\fekra2\fekra project\fekra\fekra\debug\link.4856.read.1.tlog
d:\computer science\two years\the first year\fekra2\fekra project\fekra\fekra\debug\link.4856.write.1.tlog
d:\computer science\two years\the first year\fekra2\fekra project\fekra\fekra\debug\link.4892-cvtres.read.1.tlog
d:\computer science\two years\the first year\fekra2\fekra project\fekra\fekra\debug\link.4892-cvtres.write.1.tlog
d:\computer science\two years\the first year\fekra2\fekra project\fekra\fekra\debug\link.4892.read.1.tlog
d:\computer science\two years\the first year\fekra2\fekra project\fekra\fekra\debug\link.4892.write.1.tlog
d:\computer science\two years\the first year\fekra2\fekra project\fekra\fekra\debug\link.4948-cvtres.read.1.tlog
d:\computer science\two years\the first year\fekra2\fekra project\fekra\fekra\debug\link.4948-cvtres.write.1.tlog
d:\computer science\two years\the first year\fekra2\fekra project\fekra\fekra\debug\link.4948.read.1.tlog
d:\computer science\two years\the first year\fekra2\fekra project\fekra\fekra\debug\link.4948.write.1.tlog
d:\computer science\two years\the first year\fekra2\fekra project\fekra\fekra\debug\link.5000-cvtres.read.1.tlog
d:\computer science\two years\the first year\fekra2\fekra project\fekra\fekra\debug\link.5000-cvtres.write.1.tlog
d:\computer science\two years\the first year\fekra2\fekra project\fekra\fekra\debug\link.5000.read.1.tlog
d:\computer science\two years\the first year\fekra2\fekra project\fekra\fekra\debug\link.5000.write.1.tlog
d:\computer science\two years\the first year\fekra2\fekra project\fekra\fekra\debug\link.5072-cvtres.read.1.tlog
d:\computer science\two years\the first year\fekra2\fekra project\fekra\fekra\debug\link.5072-cvtres.write.1.tlog
d:\computer science\two years\the first year\fekra2\fekra project\fekra\fekra\debug\link.5072.read.1.tlog
d:\computer science\two years\the first year\fekra2\fekra project\fekra\fekra\debug\link.5072.write.1.tlog
d:\computer science\two years\the first year\fekra2\fekra project\fekra\fekra\debug\link.508-cvtres.read.1.tlog
d:\computer science\two years\the first year\fekra2\fekra project\fekra\fekra\debug\link.508-cvtres.write.1.tlog
d:\computer science\two years\the first year\fekra2\fekra project\fekra\fekra\debug\link.508.read.1.tlog
d:\computer science\two years\the first year\fekra2\fekra project\fekra\fekra\debug\link.508.write.1.tlog
d:\computer science\two years\the first year\fekra2\fekra project\fekra\fekra\debug\link.5132-cvtres.read.1.tlog
d:\computer science\two years\the first year\fekra2\fekra project\fekra\fekra\debug\link.5132-cvtres.write.1.tlog
d:\computer science\two years\the first year\fekra2\fekra project\fekra\fekra\debug\link.5132.read.1.tlog
d:\computer science\two years\the first year\fekra2\fekra project\fekra\fekra\debug\link.5132.write.1.tlog
d:\computer science\two years\the first year\fekra2\fekra project\fekra\fekra\debug\link.5168-cvtres.read.1.tlog
d:\computer science\two years\the first year\fekra2\fekra project\fekra\fekra\debug\link.5168-cvtres.write.1.tlog
d:\computer science\two years\the first year\fekra2\fekra project\fekra\fekra\debug\link.5168.read.1.tlog
d:\computer science\two years\the first year\fekra2\fekra project\fekra\fekra\debug\link.5168.write.1.tlog
d:\computer science\two years\the first year\fekra2\fekra project\fekra\fekra\debug\link.5188-cvtres.read.1.tlog
d:\computer science\two years\the first year\fekra2\fekra project\fekra\fekra\debug\link.5188-cvtres.write.1.tlog
d:\computer science\two years\the first year\fekra2\fekra project\fekra\fekra\debug\link.5188.read.1.tlog
d:\computer science\two years\the first year\fekra2\fekra project\fekra\fekra\debug\link.5188.write.1.tlog
d:\computer science\two years\the first year\fekra2\fekra project\fekra\fekra\debug\link.5264-cvtres.read.1.tlog
d:\computer science\two years\the first year\fekra2\fekra project\fekra\fekra\debug\link.5264-cvtres.write.1.tlog
d:\computer science\two years\the first year\fekra2\fekra project\fekra\fekra\debug\link.5264.read.1.tlog
d:\computer science\two years\the first year\fekra2\fekra project\fekra\fekra\debug\link.5264.write.1.tlog
d:\computer science\two years\the first year\fekra2\fekra project\fekra\fekra\debug\link.5348-cvtres.read.1.tlog
d:\computer science\two years\the first year\fekra2\fekra project\fekra\fekra\debug\link.5348-cvtres.write.1.tlog
d:\computer science\two years\the first year\fekra2\fekra project\fekra\fekra\debug\link.5348.read.1.tlog
d:\computer science\two years\the first year\fekra2\fekra project\fekra\fekra\debug\link.5348.write.1.tlog
d:\computer science\two years\the first year\fekra2\fekra project\fekra\fekra\debug\link.5428-cvtres.read.1.tlog
d:\computer science\two years\the first year\fekra2\fekra project\fekra\fekra\debug\link.5428-cvtres.write.1.tlog
d:\computer science\two years\the first year\fekra2\fekra project\fekra\fekra\debug\link.5428.read.1.tlog
d:\computer science\two years\the first year\fekra2\fekra project\fekra\fekra\debug\link.5428.write.1.tlog
d:\computer science\two years\the first year\fekra2\fekra project\fekra\fekra\debug\link.5472-cvtres.read.1.tlog
d:\computer science\two years\the first year\fekra2\fekra project\fekra\fekra\debug\link.5472-cvtres.write.1.tlog
d:\computer science\two years\the first year\fekra2\fekra project\fekra\fekra\debug\link.5472.read.1.tlog
d:\computer science\two years\the first year\fekra2\fekra project\fekra\fekra\debug\link.5472.write.1.tlog
d:\computer science\two years\the first year\fekra2\fekra project\fekra\fekra\debug\link.5516-cvtres.read.1.tlog
d:\computer science\two years\the first year\fekra2\fekra project\fekra\fekra\debug\link.5516-cvtres.write.1.tlog
d:\computer science\two years\the first year\fekra2\fekra project\fekra\fekra\debug\link.5516.read.1.tlog
d:\computer science\two years\the first year\fekra2\fekra project\fekra\fekra\debug\link.5516.write.1.tlog
d:\computer science\two years\the first year\fekra2\fekra project\fekra\fekra\debug\link.5620-cvtres.read.1.tlog
d:\computer science\two years\the first year\fekra2\fekra project\fekra\fekra\debug\link.5620-cvtres.write.1.tlog
d:\computer science\two years\the first year\fekra2\fekra project\fekra\fekra\debug\link.5620.read.1.tlog
d:\computer science\two years\the first year\fekra2\fekra project\fekra\fekra\debug\link.5620.write.1.tlog
d:\computer science\two years\the first year\fekra2\fekra project\fekra\fekra\debug\link.564-cvtres.read.1.tlog
d:\computer science\two years\the first year\fekra2\fekra project\fekra\fekra\debug\link.564-cvtres.write.1.tlog
d:\computer science\two years\the first year\fekra2\fekra project\fekra\fekra\debug\link.564.read.1.tlog
d:\computer science\two years\the first year\fekra2\fekra project\fekra\fekra\debug\link.564.write.1.tlog
d:\computer science\two years\the first year\fekra2\fekra project\fekra\fekra\debug\link.5748-cvtres.read.1.tlog
d:\computer science\two years\the first year\fekra2\fekra project\fekra\fekra\debug\link.5748-cvtres.write.1.tlog
d:\computer science\two years\the first year\fekra2\fekra project\fekra\fekra\debug\link.5748.read.1.tlog
d:\computer science\two years\the first year\fekra2\fekra project\fekra\fekra\debug\link.5748.write.1.tlog
d:\computer science\two years\the first year\fekra2\fekra project\fekra\fekra\debug\link.5796-cvtres.read.1.tlog
d:\computer science\two years\the first year\fekra2\fekra project\fekra\fekra\debug\link.5796-cvtres.write.1.tlog
d:\computer science\two years\the first year\fekra2\fekra project\fekra\fekra\debug\link.5796.read.1.tlog
d:\computer science\two years\the first year\fekra2\fekra project\fekra\fekra\debug\link.5796.write.1.tlog
d:\computer science\two years\the first year\fekra2\fekra project\fekra\fekra\debug\link.580-cvtres.read.1.tlog
d:\computer science\two years\the first year\fekra2\fekra project\fekra\fekra\debug\link.580-cvtres.write.1.tlog
d:\computer science\two years\the first year\fekra2\fekra project\fekra\fekra\debug\link.580.read.1.tlog
d:\computer science\two years\the first year\fekra2\fekra project\fekra\fekra\debug\link.580.write.1.tlog
d:\computer science\two years\the first year\fekra2\fekra project\fekra\fekra\debug\link.6068-cvtres.read.1.tlog
d:\computer science\two years\the first year\fekra2\fekra project\fekra\fekra\debug\link.6068-cvtres.write.1.tlog
d:\computer science\two years\the first year\fekra2\fekra project\fekra\fekra\debug\link.6068.read.1.tlog
d:\computer science\two years\the first year\fekra2\fekra project\fekra\fekra\debug\link.6068.write.1.tlog
d:\computer science\two years\the first year\fekra2\fekra project\fekra\fekra\debug\link.6284-cvtres.read.1.tlog
d:\computer science\two years\the first year\fekra2\fekra project\fekra\fekra\debug\link.6284-cvtres.write.1.tlog
d:\computer science\two years\the first year\fekra2\fekra project\fekra\fekra\debug\link.6284.read.1.tlog
d:\computer science\two years\the first year\fekra2\fekra project\fekra\fekra\debug\link.6284.write.1.tlog
d:\computer science\two years\the first year\fekra2\fekra project\fekra\fekra\debug\link.6368-cvtres.read.1.tlog
d:\computer science\two years\the first year\fekra2\fekra project\fekra\fekra\debug\link.6368-cvtres.write.1.tlog
d:\computer science\two years\the first year\fekra2\fekra project\fekra\fekra\debug\link.6368.read.1.tlog
d:\computer science\two years\the first year\fekra2\fekra project\fekra\fekra\debug\link.6368.write.1.tlog
d:\computer science\two years\the first year\fekra2\fekra project\fekra\fekra\debug\link.6444-cvtres.read.1.tlog
d:\computer science\two years\the first year\fekra2\fekra project\fekra\fekra\debug\link.6444-cvtres.write.1.tlog
d:\computer science\two years\the first year\fekra2\fekra project\fekra\fekra\debug\link.6444.read.1.tlog
d:\computer science\two years\the first year\fekra2\fekra project\fekra\fekra\debug\link.6444.write.1.tlog
d:\computer science\two years\the first year\fekra2\fekra project\fekra\fekra\debug\link.6660-cvtres.read.1.tlog
d:\computer science\two years\the first year\fekra2\fekra project\fekra\fekra\debug\link.6660-cvtres.write.1.tlog
d:\computer science\two years\the first year\fekra2\fekra project\fekra\fekra\debug\link.6660.read.1.tlog
d:\computer science\two years\the first year\fekra2\fekra project\fekra\fekra\debug\link.6660.write.1.tlog
d:\computer science\two years\the first year\fekra2\fekra project\fekra\fekra\debug\link.6684-cvtres.read.1.tlog
d:\computer science\two years\the first year\fekra2\fekra project\fekra\fekra\debug\link.6684-cvtres.write.1.tlog
d:\computer science\two years\the first year\fekra2\fekra project\fekra\fekra\debug\link.6684.read.1.tlog
d:\computer science\two years\the first year\fekra2\fekra project\fekra\fekra\debug\link.6684.write.1.tlog
d:\computer science\two years\the first year\fekra2\fekra project\fekra\fekra\debug\link.6724-cvtres.read.1.tlog
d:\computer science\two years\the first year\fekra2\fekra project\fekra\fekra\debug\link.6724-cvtres.write.1.tlog
d:\computer science\two years\the first year\fekra2\fekra project\fekra\fekra\debug\link.6724.read.1.tlog
d:\computer science\two years\the first year\fekra2\fekra project\fekra\fekra\debug\link.6724.write.1.tlog
d:\computer science\two years\the first year\fekra2\fekra project\fekra\fekra\debug\link.7084-cvtres.read.1.tlog
d:\computer science\two years\the first year\fekra2\fekra project\fekra\fekra\debug\link.7084-cvtres.write.1.tlog
d:\computer science\two years\the first year\fekra2\fekra project\fekra\fekra\debug\link.7084.read.1.tlog
d:\computer science\two years\the first year\fekra2\fekra project\fekra\fekra\debug\link.7084.write.1.tlog
d:\computer science\two years\the first year\fekra2\fekra project\fekra\fekra\debug\link.716-cvtres.read.1.tlog
d:\computer science\two years\the first year\fekra2\fekra project\fekra\fekra\debug\link.716-cvtres.write.1.tlog
d:\computer science\two years\the first year\fekra2\fekra project\fekra\fekra\debug\link.716.read.1.tlog
d:\computer science\two years\the first year\fekra2\fekra project\fekra\fekra\debug\link.716.write.1.tlog
d:\computer science\two years\the first year\fekra2\fekra project\fekra\fekra\debug\link.7236-cvtres.read.1.tlog
d:\computer science\two years\the first year\fekra2\fekra project\fekra\fekra\debug\link.7236-cvtres.write.1.tlog
d:\computer science\two years\the first year\fekra2\fekra project\fekra\fekra\debug\link.7236.read.1.tlog
d:\computer science\two years\the first year\fekra2\fekra project\fekra\fekra\debug\link.7236.write.1.tlog
d:\computer science\two years\the first year\fekra2\fekra project\fekra\fekra\debug\link.7256-cvtres.read.1.tlog
d:\computer science\two years\the first year\fekra2\fekra project\fekra\fekra\debug\link.7256-cvtres.write.1.tlog
d:\computer science\two years\the first year\fekra2\fekra project\fekra\fekra\debug\link.7256.read.1.tlog
d:\computer science\two years\the first year\fekra2\fekra project\fekra\fekra\debug\link.7256.write.1.tlog
d:\computer science\two years\the first year\fekra2\fekra project\fekra\fekra\debug\link.7280-cvtres.read.1.tlog
d:\computer science\two years\the first year\fekra2\fekra project\fekra\fekra\debug\link.7280-cvtres.write.1.tlog
d:\computer science\two years\the first year\fekra2\fekra project\fekra\fekra\debug\link.7280.read.1.tlog
d:\computer science\two years\the first year\fekra2\fekra project\fekra\fekra\debug\link.7280.write.1.tlog
d:\computer science\two years\the first year\fekra2\fekra project\fekra\fekra\debug\link.732-cvtres.read.1.tlog
d:\computer science\two years\the first year\fekra2\fekra project\fekra\fekra\debug\link.732-cvtres.write.1.tlog
d:\computer science\two years\the first year\fekra2\fekra project\fekra\fekra\debug\link.732.read.1.tlog
d:\computer science\two years\the first year\fekra2\fekra project\fekra\fekra\debug\link.732.write.1.tlog
d:\computer science\two years\the first year\fekra2\fekra project\fekra\fekra\debug\link.7320-cvtres.read.1.tlog
d:\computer science\two years\the first year\fekra2\fekra project\fekra\fekra\debug\link.7320-cvtres.write.1.tlog
d:\computer science\two years\the first year\fekra2\fekra project\fekra\fekra\debug\link.7320.read.1.tlog
d:\computer science\two years\the first year\fekra2\fekra project\fekra\fekra\debug\link.7320.write.1.tlog
d:\computer science\two years\the first year\fekra2\fekra project\fekra\fekra\debug\link.7724-cvtres.read.1.tlog
d:\computer science\two years\the first year\fekra2\fekra project\fekra\fekra\debug\link.7724-cvtres.write.1.tlog
d:\computer science\two years\the first year\fekra2\fekra project\fekra\fekra\debug\link.7724.read.1.tlog
d:\computer science\two years\the first year\fekra2\fekra project\fekra\fekra\debug\link.7724.write.1.tlog
d:\computer science\two years\the first year\fekra2\fekra project\fekra\fekra\debug\link.7832-cvtres.read.1.tlog
d:\computer science\two years\the first year\fekra2\fekra project\fekra\fekra\debug\link.7832-cvtres.write.1.tlog
d:\computer science\two years\the first year\fekra2\fekra project\fekra\fekra\debug\link.7832.read.1.tlog
d:\computer science\two years\the first year\fekra2\fekra project\fekra\fekra\debug\link.7832.write.1.tlog
d:\computer science\two years\the first year\fekra2\fekra project\fekra\fekra\debug\link.7888-cvtres.read.1.tlog
d:\computer science\two years\the first year\fekra2\fekra project\fekra\fekra\debug\link.7888-cvtres.write.1.tlog
d:\computer science\two years\the first year\fekra2\fekra project\fekra\fekra\debug\link.7888.read.1.tlog
d:\computer science\two years\the first year\fekra2\fekra project\fekra\fekra\debug\link.7888.write.1.tlog
d:\computer science\two years\the first year\fekra2\fekra project\fekra\fekra\debug\link.7956-cvtres.read.1.tlog
d:\computer science\two years\the first year\fekra2\fekra project\fekra\fekra\debug\link.7956-cvtres.write.1.tlog
d:\computer science\two years\the first year\fekra2\fekra project\fekra\fekra\debug\link.7956.read.1.tlog
d:\computer science\two years\the first year\fekra2\fekra project\fekra\fekra\debug\link.7956.write.1.tlog
d:\computer science\two years\the first year\fekra2\fekra project\fekra\fekra\debug\link.7984-cvtres.read.1.tlog
d:\computer science\two years\the first year\fekra2\fekra project\fekra\fekra\debug\link.7984-cvtres.write.1.tlog
d:\computer science\two years\the first year\fekra2\fekra project\fekra\fekra\debug\link.7984.read.1.tlog
d:\computer science\two years\the first year\fekra2\fekra project\fekra\fekra\debug\link.7984.write.1.tlog
d:\computer science\two years\the first year\fekra2\fekra project\fekra\fekra\debug\link.8000-cvtres.read.1.tlog
d:\computer science\two years\the first year\fekra2\fekra project\fekra\fekra\debug\link.8000-cvtres.write.1.tlog
d:\computer science\two years\the first year\fekra2\fekra project\fekra\fekra\debug\link.8000.read.1.tlog
d:\computer science\two years\the first year\fekra2\fekra project\fekra\fekra\debug\link.8000.write.1.tlog
d:\computer science\two years\the first year\fekra2\fekra project\fekra\fekra\debug\link.8044-cvtres.read.1.tlog
d:\computer science\two years\the first year\fekra2\fekra project\fekra\fekra\debug\link.8044-cvtres.write.1.tlog
d:\computer science\two years\the first year\fekra2\fekra project\fekra\fekra\debug\link.8044.read.1.tlog
d:\computer science\two years\the first year\fekra2\fekra project\fekra\fekra\debug\link.8044.write.1.tlog
d:\computer science\two years\the first year\fekra2\fekra project\fekra\fekra\debug\link.8060-cvtres.read.1.tlog
d:\computer science\two years\the first year\fekra2\fekra project\fekra\fekra\debug\link.8060-cvtres.write.1.tlog
d:\computer science\two years\the first year\fekra2\fekra project\fekra\fekra\debug\link.8060.read.1.tlog
d:\computer science\two years\the first year\fekra2\fekra project\fekra\fekra\debug\link.8060.write.1.tlog
d:\computer science\two years\the first year\fekra2\fekra project\fekra\fekra\debug\link.8088-cvtres.read.1.tlog
d:\computer science\two years\the first year\fekra2\fekra project\fekra\fekra\debug\link.8088-cvtres.write.1.tlog
d:\computer science\two years\the first year\fekra2\fekra project\fekra\fekra\debug\link.8088.read.1.tlog
d:\computer science\two years\the first year\fekra2\fekra project\fekra\fekra\debug\link.8088.write.1.tlog
d:\computer science\two years\the first year\fekra2\fekra project\fekra\fekra\debug\link.8124-cvtres.read.1.tlog
d:\computer science\two years\the first year\fekra2\fekra project\fekra\fekra\debug\link.8124-cvtres.write.1.tlog
d:\computer science\two years\the first year\fekra2\fekra project\fekra\fekra\debug\link.8124.read.1.tlog
d:\computer science\two years\the first year\fekra2\fekra project\fekra\fekra\debug\link.8124.write.1.tlog
d:\computer science\two years\the first year\fekra2\fekra project\fekra\fekra\debug\link.8224-cvtres.read.1.tlog
d:\computer science\two years\the first year\fekra2\fekra project\fekra\fekra\debug\link.8224-cvtres.write.1.tlog
d:\computer science\two years\the first year\fekra2\fekra project\fekra\fekra\debug\link.8224.read.1.tlog
d:\computer science\two years\the first year\fekra2\fekra project\fekra\fekra\debug\link.8224.write.1.tlog
d:\computer science\two years\the first year\fekra2\fekra project\fekra\fekra\debug\link.8240-cvtres.read.1.tlog
d:\computer science\two years\the first year\fekra2\fekra project\fekra\fekra\debug\link.8240-cvtres.write.1.tlog
d:\computer science\two years\the first year\fekra2\fekra project\fekra\fekra\debug\link.8240.read.1.tlog
d:\computer science\two years\the first year\fekra2\fekra project\fekra\fekra\debug\link.8240.write.1.tlog
d:\computer science\two years\the first year\fekra2\fekra project\fekra\fekra\debug\link.8296-cvtres.read.1.tlog
d:\computer science\two years\the first year\fekra2\fekra project\fekra\fekra\debug\link.8296-cvtres.write.1.tlog
d:\computer science\two years\the first year\fekra2\fekra project\fekra\fekra\debug\link.8296.read.1.tlog
d:\computer science\two years\the first year\fekra2\fekra project\fekra\fekra\debug\link.8296.write.1.tlog
d:\computer science\two years\the first year\fekra2\fekra project\fekra\fekra\debug\link.8316-cvtres.read.1.tlog
d:\computer science\two years\the first year\fekra2\fekra project\fekra\fekra\debug\link.8316-cvtres.write.1.tlog
d:\computer science\two years\the first year\fekra2\fekra project\fekra\fekra\debug\link.8316.read.1.tlog
d:\computer science\two years\the first year\fekra2\fekra project\fekra\fekra\debug\link.8316.write.1.tlog
d:\computer science\two years\the first year\fekra2\fekra project\fekra\fekra\debug\link.8364-cvtres.read.1.tlog
d:\computer science\two years\the first year\fekra2\fekra project\fekra\fekra\debug\link.8364-cvtres.write.1.tlog
d:\computer science\two years\the first year\fekra2\fekra project\fekra\fekra\debug\link.8364.read.1.tlog
d:\computer science\two years\the first year\fekra2\fekra project\fekra\fekra\debug\link.8364.write.1.tlog
d:\computer science\two years\the first year\fekra2\fekra project\fekra\fekra\debug\link.8384-cvtres.read.1.tlog
d:\computer science\two years\the first year\fekra2\fekra project\fekra\fekra\debug\link.8384-cvtres.write.1.tlog
d:\computer science\two years\the first year\fekra2\fekra project\fekra\fekra\debug\link.8384.read.1.tlog
d:\computer science\two years\the first year\fekra2\fekra project\fekra\fekra\debug\link.8384.write.1.tlog
d:\computer science\two years\the first year\fekra2\fekra project\fekra\fekra\debug\link.8396-cvtres.read.1.tlog
d:\computer science\two years\the first year\fekra2\fekra project\fekra\fekra\debug\link.8396-cvtres.write.1.tlog
d:\computer science\two years\the first year\fekra2\fekra project\fekra\fekra\debug\link.8396.read.1.tlog
d:\computer science\two years\the first year\fekra2\fekra project\fekra\fekra\debug\link.8396.write.1.tlog
d:\computer science\two years\the first year\fekra2\fekra project\fekra\fekra\debug\link.8436-cvtres.read.1.tlog
d:\computer science\two years\the first year\fekra2\fekra project\fekra\fekra\debug\link.8436-cvtres.write.1.tlog
d:\computer science\two years\the first year\fekra2\fekra project\fekra\fekra\debug\link.8436.read.1.tlog
d:\computer science\two years\the first year\fekra2\fekra project\fekra\fekra\debug\link.8436.write.1.tlog
d:\computer science\two years\the first year\fekra2\fekra project\fekra\fekra\debug\link.8488-cvtres.read.1.tlog
d:\computer science\two years\the first year\fekra2\fekra project\fekra\fekra\debug\link.8488-cvtres.write.1.tlog
d:\computer science\two years\the first year\fekra2\fekra project\fekra\fekra\debug\link.8488.read.1.tlog
d:\computer science\two years\the first year\fekra2\fekra project\fekra\fekra\debug\link.8488.write.1.tlog
d:\computer science\two years\the first year\fekra2\fekra project\fekra\fekra\debug\link.8580-cvtres.read.1.tlog
d:\computer science\two years\the first year\fekra2\fekra project\fekra\fekra\debug\link.8580-cvtres.write.1.tlog
d:\computer science\two years\the first year\fekra2\fekra project\fekra\fekra\debug\link.8580.read.1.tlog
d:\computer science\two years\the first year\fekra2\fekra project\fekra\fekra\debug\link.8580.write.1.tlog
d:\computer science\two years\the first year\fekra2\fekra project\fekra\fekra\debug\link.8624-cvtres.read.1.tlog
d:\computer science\two years\the first year\fekra2\fekra project\fekra\fekra\debug\link.8624-cvtres.write.1.tlog
d:\computer science\two years\the first year\fekra2\fekra project\fekra\fekra\debug\link.8624.read.1.tlog
d:\computer science\two years\the first year\fekra2\fekra project\fekra\fekra\debug\link.8624.write.1.tlog
d:\computer science\two years\the first year\fekra2\fekra project\fekra\fekra\debug\link.864-cvtres.read.1.tlog
d:\computer science\two years\the first year\fekra2\fekra project\fekra\fekra\debug\link.864-cvtres.write.1.tlog
d:\computer science\two years\the first year\fekra2\fekra project\fekra\fekra\debug\link.864.read.1.tlog
d:\computer science\two years\the first year\fekra2\fekra project\fekra\fekra\debug\link.864.write.1.tlog
d:\computer science\two years\the first year\fekra2\fekra project\fekra\fekra\debug\link.8652-cvtres.read.1.tlog
d:\computer science\two years\the first year\fekra2\fekra project\fekra\fekra\debug\link.8652-cvtres.write.1.tlog
d:\computer science\two years\the first year\fekra2\fekra project\fekra\fekra\debug\link.8652.read.1.tlog
d:\computer science\two years\the first year\fekra2\fekra project\fekra\fekra\debug\link.8652.write.1.tlog
d:\computer science\two years\the first year\fekra2\fekra project\fekra\fekra\debug\link.8800-cvtres.read.1.tlog
d:\computer science\two years\the first year\fekra2\fekra project\fekra\fekra\debug\link.8800-cvtres.write.1.tlog
d:\computer science\two years\the first year\fekra2\fekra project\fekra\fekra\debug\link.8800.read.1.tlog
d:\computer science\two years\the first year\fekra2\fekra project\fekra\fekra\debug\link.8800.write.1.tlog
d:\computer science\two years\the first year\fekra2\fekra project\fekra\fekra\debug\link.8808-cvtres.read.1.tlog
d:\computer science\two years\the first year\fekra2\fekra project\fekra\fekra\debug\link.8808-cvtres.write.1.tlog
d:\computer science\two years\the first year\fekra2\fekra project\fekra\fekra\debug\link.8808.read.1.tlog
d:\computer science\two years\the first year\fekra2\fekra project\fekra\fekra\debug\link.8808.write.1.tlog
d:\computer science\two years\the first year\fekra2\fekra project\fekra\fekra\debug\link.8924-cvtres.read.1.tlog
d:\computer science\two years\the first year\fekra2\fekra project\fekra\fekra\debug\link.8924-cvtres.write.1.tlog
d:\computer science\two years\the first year\fekra2\fekra project\fekra\fekra\debug\link.8924.read.1.tlog
d:\computer science\two years\the first year\fekra2\fekra project\fekra\fekra\debug\link.8924.write.1.tlog
d:\computer science\two years\the first year\fekra2\fekra project\fekra\fekra\debug\link.8984-cvtres.read.1.tlog
d:\computer science\two years\the first year\fekra2\fekra project\fekra\fekra\debug\link.8984-cvtres.write.1.tlog
d:\computer science\two years\the first year\fekra2\fekra project\fekra\fekra\debug\link.8984.read.1.tlog
d:\computer science\two years\the first year\fekra2\fekra project\fekra\fekra\debug\link.8984.write.1.tlog
d:\computer science\two years\the first year\fekra2\fekra project\fekra\fekra\debug\link.9048-cvtres.read.1.tlog
d:\computer science\two years\the first year\fekra2\fekra project\fekra\fekra\debug\link.9048-cvtres.write.1.tlog
d:\computer science\two years\the first year\fekra2\fekra project\fekra\fekra\debug\link.9048.read.1.tlog
d:\computer science\two years\the first year\fekra2\fekra project\fekra\fekra\debug\link.9048.write.1.tlog
d:\computer science\two years\the first year\fekra2\fekra project\fekra\fekra\debug\link.9056-cvtres.read.1.tlog
d:\computer science\two years\the first year\fekra2\fekra project\fekra\fekra\debug\link.9056-cvtres.write.1.tlog
d:\computer science\two years\the first year\fekra2\fekra project\fekra\fekra\debug\link.9056.read.1.tlog
d:\computer science\two years\the first year\fekra2\fekra project\fekra\fekra\debug\link.9056.write.1.tlog
d:\computer science\two years\the first year\fekra2\fekra project\fekra\fekra\debug\link.9112-cvtres.read.1.tlog
d:\computer science\two years\the first year\fekra2\fekra project\fekra\fekra\debug\link.9112-cvtres.write.1.tlog
d:\computer science\two years\the first year\fekra2\fekra project\fekra\fekra\debug\link.9112.read.1.tlog
d:\computer science\two years\the first year\fekra2\fekra project\fekra\fekra\debug\link.9112.write.1.tlog
d:\computer science\two years\the first year\fekra2\fekra project\fekra\fekra\debug\link.9176-cvtres.read.1.tlog
d:\computer science\two years\the first year\fekra2\fekra project\fekra\fekra\debug\link.9176-cvtres.write.1.tlog
d:\computer science\two years\the first year\fekra2\fekra project\fekra\fekra\debug\link.9176.read.1.tlog
d:\computer science\two years\the first year\fekra2\fekra project\fekra\fekra\debug\link.9176.write.1.tlog
d:\computer science\two years\the first year\fekra2\fekra project\fekra\fekra\debug\link.9196-cvtres.read.1.tlog
d:\computer science\two years\the first year\fekra2\fekra project\fekra\fekra\debug\link.9196-cvtres.write.1.tlog
d:\computer science\two years\the first year\fekra2\fekra project\fekra\fekra\debug\link.9196.read.1.tlog
d:\computer science\two years\the first year\fekra2\fekra project\fekra\fekra\debug\link.9196.write.1.tlog
d:\computer science\two years\the first year\fekra2\fekra project\fekra\fekra\debug\link.9208-cvtres.read.1.tlog
d:\computer science\two years\the first year\fekra2\fekra project\fekra\fekra\debug\link.9208-cvtres.write.1.tlog
d:\computer science\two years\the first year\fekra2\fekra project\fekra\fekra\debug\link.9208.read.1.tlog
d:\computer science\two years\the first year\fekra2\fekra project\fekra\fekra\debug\link.9208.write.1.tlog
d:\computer science\two years\the first year\fekra2\fekra project\fekra\fekra\debug\link.9376-cvtres.read.1.tlog
d:\computer science\two years\the first year\fekra2\fekra project\fekra\fekra\debug\link.9376-cvtres.write.1.tlog
d:\computer science\two years\the first year\fekra2\fekra project\fekra\fekra\debug\link.9376.read.1.tlog
d:\computer science\two years\the first year\fekra2\fekra project\fekra\fekra\debug\link.9376.write.1.tlog
d:\computer science\two years\the first year\fekra2\fekra project\fekra\fekra\debug\link.9432-cvtres.read.1.tlog
d:\computer science\two years\the first year\fekra2\fekra project\fekra\fekra\debug\link.9432-cvtres.write.1.tlog
d:\computer science\two years\the first year\fekra2\fekra project\fekra\fekra\debug\link.9432.read.1.tlog
d:\computer science\two years\the first year\fekra2\fekra project\fekra\fekra\debug\link.9432.write.1.tlog
d:\computer science\two years\the first year\fekra2\fekra project\fekra\fekra\debug\link.9484-cvtres.read.1.tlog
d:\computer science\two years\the first year\fekra2\fekra project\fekra\fekra\debug\link.9484-cvtres.write.1.tlog
d:\computer science\two years\the first year\fekra2\fekra project\fekra\fekra\debug\link.9484.read.1.tlog
d:\computer science\two years\the first year\fekra2\fekra project\fekra\fekra\debug\link.9484.write.1.tlog
d:\computer science\two years\the first year\fekra2\fekra project\fekra\fekra\debug\link.9576-cvtres.read.1.tlog
d:\computer science\two years\the first year\fekra2\fekra project\fekra\fekra\debug\link.9576-cvtres.write.1.tlog
d:\computer science\two years\the first year\fekra2\fekra project\fekra\fekra\debug\link.9576.read.1.tlog
d:\computer science\two years\the first year\fekra2\fekra project\fekra\fekra\debug\link.9576.write.1.tlog
d:\computer science\two years\the first year\fekra2\fekra project\fekra\fekra\debug\link.9672-cvtres.read.1.tlog
d:\computer science\two years\the first year\fekra2\fekra project\fekra\fekra\debug\link.9672-cvtres.write.1.tlog
d:\computer science\two years\the first year\fekra2\fekra project\fekra\fekra\debug\link.9672.read.1.tlog
d:\computer science\two years\the first year\fekra2\fekra project\fekra\fekra\debug\link.9672.write.1.tlog
d:\computer science\two years\the first year\fekra2\fekra project\fekra\fekra\debug\link.9684-cvtres.read.1.tlog
d:\computer science\two years\the first year\fekra2\fekra project\fekra\fekra\debug\link.9684-cvtres.write.1.tlog
d:\computer science\two years\the first year\fekra2\fekra project\fekra\fekra\debug\link.9684.read.1.tlog
d:\computer science\two years\the first year\fekra2\fekra project\fekra\fekra\debug\link.9684.write.1.tlog
d:\computer science\two years\the first year\fekra2\fekra project\fekra\fekra\debug\link.9760-cvtres.read.1.tlog
d:\computer science\two years\the first year\fekra2\fekra project\fekra\fekra\debug\link.9760-cvtres.write.1.tlog
d:\computer science\two years\the first year\fekra2\fekra project\fekra\fekra\debug\link.9760.read.1.tlog
d:\computer science\two years\the first year\fekra2\fekra project\fekra\fekra\debug\link.9760.write.1.tlog
d:\computer science\two years\the first year\fekra2\fekra project\fekra\fekra\debug\link.9836-cvtres.read.1.tlog
d:\computer science\two years\the first year\fekra2\fekra project\fekra\fekra\debug\link.9836-cvtres.write.1.tlog
d:\computer science\two years\the first year\fekra2\fekra project\fekra\fekra\debug\link.9836.read.1.tlog
d:\computer science\two years\the first year\fekra2\fekra project\fekra\fekra\debug\link.9836.write.1.tlog
d:\computer science\two years\the first year\fekra2\fekra project\fekra\fekra\debug\link.9936-cvtres.read.1.tlog
d:\computer science\two years\the first year\fekra2\fekra project\fekra\fekra\debug\link.9936-cvtres.write.1.tlog
d:\computer science\two years\the first year\fekra2\fekra project\fekra\fekra\debug\link.9936.read.1.tlog
d:\computer science\two years\the first year\fekra2\fekra project\fekra\fekra\debug\link.9936.write.1.tlog
d:\computer science\two years\the first year\fekra2\fekra project\fekra\fekra\debug\link.command.1.tlog
d:\computer science\two years\the first year\fekra2\fekra project\fekra\fekra\debug\link.read.1.tlog
d:\computer science\two years\the first year\fekra2\fekra project\fekra\fekra\debug\link.write.1.tlog
d:\computer science\two years\the first year\fekra2\fekra project\fekra\fekra\debug\metagen.read.1.tlog
d:\computer science\two years\the first year\fekra2\fekra project\fekra\fekra\debug\metagen.write.1.tlog
d:\computer science\two years\the first year\fekra2\fekra project\fekra\fekra\debug\mt.command.1.tlog
d:\computer science\two years\the first year\fekra2\fekra project\fekra\fekra\debug\mt.read.1.tlog
d:\computer science\two years\the first year\fekra2\fekra project\fekra\fekra\debug\mt.write.1.tlog
d:\computer science\two years\the first year\fekra2\fekra project\fekra\fekra\debug\rc.command.1.tlog
d:\computer science\two years\the first year\fekra2\fekra project\fekra\fekra\debug\rc.read.1.tlog
d:\computer science\two years\the first year\fekra2\fekra project\fekra\fekra\debug\rc.write.1.tlog
d:\computer science\two years\the first year\fekra2\fekra project\fekra\fekra\debug\fekra.exe.intermediate.manifest
d:\computer science\two years\the first year\fekra2\fekra project\fekra\fekra\debug\vc100.pdb
d:\computer science\two years\the first year\fekra2\fekra project\fekra\fekra\debug\tzres.dll.bi
d:\computer science\two years\the first year\fekra2\fekra project\fekra\debug\fekra.pdb
d:\computer science\two years\the first year\fekra2\fekra project\fekra\fekra\debug\fekra.tlog\cl.command.1.tlog
d:\computer science\two years\the first year\fekra2\fekra project\fekra\fekra\debug\fekra.tlog\cl.read.1.tlog
d:\computer science\two years\the first year\fekra2\fekra project\fekra\fekra\debug\fekra.tlog\cl.write.1.tlog
d:\computer science\two years\the first year\fekra2\fekra project\fekra\fekra\debug\fekra.tlog\fekra.write.1u.tlog
d:\computer science\two years\the first year\fekra2\fekra project\fekra\fekra\debug\fekra.tlog\link.11444-cvtres.read.1.tlog
d:\computer science\two years\the first year\fekra2\fekra project\fekra\fekra\debug\fekra.tlog\link.11444-cvtres.write.1.tlog
d:\computer science\two years\the first year\fekra2\fekra project\fekra\fekra\debug\fekra.tlog\link.11444-rc.read.1.tlog
d:\computer science\two years\the first year\fekra2\fekra project\fekra\fekra\debug\fekra.tlog\link.11444-rc.write.1.tlog
d:\computer science\two years\the first year\fekra2\fekra project\fekra\fekra\debug\fekra.tlog\link.11444.read.1.tlog
d:\computer science\two years\the first year\fekra2\fekra project\fekra\fekra\debug\fekra.tlog\link.11444.write.1.tlog
d:\computer science\two years\the first year\fekra2\fekra project\fekra\fekra\debug\fekra.tlog\link.17396-cvtres.read.1.tlog
d:\computer science\two years\the first year\fekra2\fekra project\fekra\fekra\debug\fekra.tlog\link.17396-cvtres.write.1.tlog
d:\computer science\two years\the first year\fekra2\fekra project\fekra\fekra\debug\fekra.tlog\link.17396-rc.read.1.tlog
d:\computer science\two years\the first year\fekra2\fekra project\fekra\fekra\debug\fekra.tlog\link.17396-rc.write.1.tlog
d:\computer science\two years\the first year\fekra2\fekra project\fekra\fekra\debug\fekra.tlog\link.17396.read.1.tlog
d:\computer science\two years\the first year\fekra2\fekra project\fekra\fekra\debug\fekra.tlog\link.17396.write.1.tlog
d:\computer science\two years\the first year\fekra2\fekra project\fekra\fekra\debug\fekra.tlog\link.4252-cvtres.read.1.tlog
d:\computer science\two years\the first year\fekra2\fekra project\fekra\fekra\debug\fekra.tlog\link.4252-cvtres.write.1.tlog
d:\computer science\two years\the first year\fekra2\fekra project\fekra\fekra\debug\fekra.tlog\link.4252-rc.read.1.tlog
d:\computer science\two years\the first year\fekra2\fekra project\fekra\fekra\debug\fekra.tlog\link.4252-rc.write.1.tlog
d:\computer science\two years\the first year\fekra2\fekra project\fekra\fekra\debug\fekra.tlog\link.4252.read.1.tlog
d:\computer science\two years\the first year\fekra2\fekra project\fekra\fekra\debug\fekra.tlog\link.4252.write.1.tlog
d:\computer science\two years\the first year\fekra2\fekra project\fekra\fekra\debug\fekra.tlog\link.5580-cvtres.read.1.tlog
d:\computer science\two years\the first year\fekra2\fekra project\fekra\fekra\debug\fekra.tlog\link.5580-cvtres.write.1.tlog
d:\computer science\two years\the first year\fekra2\fekra project\fekra\fekra\debug\fekra.tlog\link.5580-rc.read.1.tlog
d:\computer science\two years\the first year\fekra2\fekra project\fekra\fekra\debug\fekra.tlog\link.5580-rc.write.1.tlog
d:\computer science\two years\the first year\fekra2\fekra project\fekra\fekra\debug\fekra.tlog\link.5580.read.1.tlog
d:\computer science\two years\the first year\fekra2\fekra project\fekra\fekra\debug\fekra.tlog\link.5580.write.1.tlog
d:\computer science\two years\the first year\fekra2\fekra project\fekra\fekra\debug\fekra.tlog\link.7768-cvtres.read.1.tlog
d:\computer science\two years\the first year\fekra2\fekra project\fekra\fekra\debug\fekra.tlog\link.7768-cvtres.write.1.tlog
d:\computer science\two years\the first year\fekra2\fekra project\fekra\fekra\debug\fekra.tlog\link.7768-rc.read.1.tlog
d:\computer science\two years\the first year\fekra2\fekra project\fekra\fekra\debug\fekra.tlog\link.7768-rc.write.1.tlog
d:\computer science\two years\the first year\fekra2\fekra project\fekra\fekra\debug\fekra.tlog\link.7768.read.1.tlog
d:\computer science\two years\the first year\fekra2\fekra project\fekra\fekra\debug\fekra.tlog\link.7768.write.1.tlog
d:\computer science\two years\the first year\fekra2\fekra project\fekra\fekra\debug\fekra.tlog\link.9360-cvtres.read.1.tlog
d:\computer science\two years\the first year\fekra2\fekra project\fekra\fekra\debug\fekra.tlog\link.9360-cvtres.write.1.tlog
d:\computer science\two years\the first year\fekra2\fekra project\fekra\fekra\debug\fekra.tlog\link.9360-rc.read.1.tlog
d:\computer science\two years\the first year\fekra2\fekra project\fekra\fekra\debug\fekra.tlog\link.9360-rc.write.1.tlog
d:\computer science\two years\the first year\fekra2\fekra project\fekra\fekra\debug\fekra.tlog\link.9360.read.1.tlog
d:\computer science\two years\the first year\fekra2\fekra project\fekra\fekra\debug\fekra.tlog\link.9360.write.1.tlog
d:\computer science\two years\the first year\fekra2\fekra project\fekra\fekra\debug\fekra.tlog\link.command.1.tlog
d:\computer science\two years\the first year\fekra2\fekra project\fekra\fekra\debug\fekra.tlog\link.read.1.tlog
d:\computer science\two years\the first year\fekra2\fekra project\fekra\fekra\debug\fekra.tlog\link.write.1.tlog
d:\computer science\two years\the first year\fekra2\fekra project\fekra\fekra\debug\fekra.tlog\metagen.read.1.tlog
d:\computer science\two years\the first year\fekra2\fekra project\fekra\fekra\debug\fekra.tlog\metagen.write.1.tlog
d:\computer science\two years\the first year\fekra2\fekra project\fekra\fekra\debug\fekra.tlog\rc.command.1.tlog
d:\computer science\two years\the first year\fekra2\fekra project\fekra\fekra\debug\fekra.tlog\rc.read.1.tlog
d:\computer science\two years\the first year\fekra2\fekra project\fekra\fekra\debug\fekra.tlog\rc.write.1.tlog
d:\computer science\two years\the first year\fekra2\fekra project\fekra\fekra\debug\fekra.tlog\tzres.dll.bi
